{
  "RSpec": {
    "coverage": {
      "/Users/marcosvicente/Personal/nuuvem-challenge/app/controllers/sale_files_controller.rb": {
        "lines": [
          1,
          1,
          1,
          null,
          null,
          1,
          1,
          null,
          null,
          1,
          1,
          null,
          null,
          1,
          4,
          4,
          2,
          2,
          null,
          2,
          null,
          null,
          null,
          null,
          1,
          null,
          1,
          4,
          null
        ]
      },
      "/Users/marcosvicente/Personal/nuuvem-challenge/app/controllers/application_controller.rb": {
        "lines": [
          1,
          null
        ]
      },
      "/Users/marcosvicente/Personal/nuuvem-challenge/app/models/sale_file.rb": {
        "lines": [
          null,
          null,
          null,
          null,
          null,
          null,
          null,
          null,
          null,
          null,
          1,
          1,
          null,
          1,
          null,
          1,
          null,
          1,
          null
        ]
      },
      "/Users/marcosvicente/Personal/nuuvem-challenge/app/models/application_record.rb": {
        "lines": [
          1,
          1,
          null
        ]
      },
      "/Users/marcosvicente/Personal/nuuvem-challenge/app/uploaders/sale_file_uploader.rb": {
        "lines": [
          1,
          1,
          null,
          1,
          3,
          null,
          null
        ]
      },
      "/Users/marcosvicente/Personal/nuuvem-challenge/app/models/company_sale.rb": {
        "lines": [
          null,
          null,
          null,
          null,
          null,
          null,
          null,
          null,
          null,
          null,
          null,
          null,
          null,
          null,
          null,
          null,
          null,
          null,
          null,
          1,
          1,
          null,
          1,
          1,
          1,
          1,
          1,
          1,
          null
        ]
      },
      "/Users/marcosvicente/Personal/nuuvem-challenge/app/workers/parse_file_worker.rb": {
        "lines": [
          1,
          1,
          1,
          1,
          null,
          1,
          0,
          0,
          null,
          null
        ]
      }
    },
    "timestamp": 1682982815
  }
}
